[21:37:17] [ServerMain/INFO]: Environment: authHost='https://authserver.mojang.com', accountsHost='https://api.mojang.com', sessionHost='https://sessionserver.mojang.com', servicesHost='https://api.minecraftservices.com', name='PROD'
[21:37:18] [ServerMain/WARN]: Ambiguity between arguments [teleport, location] and [teleport, destination] with inputs: [0.1 -0.5 .9, 0 0 0]
[21:37:18] [ServerMain/WARN]: Ambiguity between arguments [teleport, location] and [teleport, targets] with inputs: [0.1 -0.5 .9, 0 0 0]
[21:37:18] [ServerMain/WARN]: Ambiguity between arguments [teleport, destination] and [teleport, targets] with inputs: [Player, 0123, @e, dd12be42-52a9-4a91-a8a1-11c01849e498]
[21:37:18] [ServerMain/WARN]: Ambiguity between arguments [teleport, targets] and [teleport, destination] with inputs: [Player, 0123, dd12be42-52a9-4a91-a8a1-11c01849e498]
[21:37:18] [ServerMain/WARN]: Ambiguity between arguments [teleport, targets, location] and [teleport, targets, destination] with inputs: [0.1 -0.5 .9, 0 0 0]
[21:37:18] [ServerMain/INFO]: Reloading ResourceManager: Default
[21:37:18] [Worker-Main-5/INFO]: Loaded 7 recipes
[21:37:19] [Worker-Main-5/INFO]: Loaded 1141 advancements
[21:37:21] [Server thread/INFO]: Starting minecraft server version 1.18.1
[21:37:21] [Server thread/INFO]: Loading properties
[21:37:21] [Server thread/INFO]: Default game type: SURVIVAL
[21:37:21] [Server thread/INFO]: Generating keypair
[21:37:21] [Server thread/INFO]: Starting Minecraft server on *:25565
[21:37:21] [Server thread/INFO]: Using default channel type
[21:37:21] [Server thread/INFO]: Preparing level "world"
[21:37:27] [Server thread/INFO]: Preparing start region for dimension minecraft:overworld
[21:37:28] [Worker-Main-5/INFO]: Preparing spawn area: 0%
[21:37:28] [Worker-Main-5/INFO]: Preparing spawn area: 0%
[21:37:28] [Worker-Main-5/INFO]: Preparing spawn area: 0%
[21:37:28] [Worker-Main-5/INFO]: Preparing spawn area: 0%
[21:37:29] [Worker-Main-4/INFO]: Preparing spawn area: 0%
[21:37:29] [Worker-Main-4/INFO]: Preparing spawn area: 0%
[21:37:30] [Worker-Main-6/INFO]: Preparing spawn area: 0%
[21:37:30] [Worker-Main-4/INFO]: Preparing spawn area: 0%
[21:37:31] [Worker-Main-4/INFO]: Preparing spawn area: 1%
[21:37:31] [Worker-Main-4/INFO]: Preparing spawn area: 1%
[21:37:32] [Worker-Main-6/INFO]: Preparing spawn area: 2%
[21:37:32] [Worker-Main-4/INFO]: Preparing spawn area: 2%
[21:37:33] [Worker-Main-4/INFO]: Preparing spawn area: 4%
[21:37:33] [Worker-Main-4/INFO]: Preparing spawn area: 4%
[21:37:34] [Worker-Main-4/INFO]: Preparing spawn area: 4%
[21:37:34] [Worker-Main-5/INFO]: Preparing spawn area: 5%
[21:37:35] [Worker-Main-4/INFO]: Preparing spawn area: 6%
[21:37:35] [Worker-Main-5/INFO]: Preparing spawn area: 9%
[21:37:36] [Worker-Main-5/INFO]: Preparing spawn area: 9%
[21:37:36] [Worker-Main-4/INFO]: Preparing spawn area: 10%
[21:37:37] [Worker-Main-6/INFO]: Preparing spawn area: 11%
[21:37:37] [Worker-Main-5/INFO]: Preparing spawn area: 13%
[21:37:38] [Worker-Main-6/INFO]: Preparing spawn area: 13%
[21:37:38] [Worker-Main-6/INFO]: Preparing spawn area: 15%
[21:37:39] [Worker-Main-5/INFO]: Preparing spawn area: 15%
[21:37:39] [Worker-Main-5/INFO]: Preparing spawn area: 16%
[21:37:40] [Worker-Main-4/INFO]: Preparing spawn area: 17%
[21:37:40] [Worker-Main-5/INFO]: Preparing spawn area: 18%
[21:37:41] [Worker-Main-5/INFO]: Preparing spawn area: 19%
[21:37:41] [Worker-Main-5/INFO]: Preparing spawn area: 21%
[21:37:42] [Worker-Main-6/INFO]: Preparing spawn area: 22%
[21:37:42] [Worker-Main-4/INFO]: Preparing spawn area: 23%
[21:37:43] [Worker-Main-6/INFO]: Preparing spawn area: 23%
[21:37:43] [Worker-Main-4/INFO]: Preparing spawn area: 24%
[21:37:44] [Worker-Main-4/INFO]: Preparing spawn area: 25%
[21:37:44] [Worker-Main-4/INFO]: Preparing spawn area: 25%
[21:37:45] [Worker-Main-6/INFO]: Preparing spawn area: 25%
[21:37:45] [Worker-Main-4/INFO]: Preparing spawn area: 25%
[21:37:46] [Worker-Main-5/INFO]: Preparing spawn area: 26%
[21:37:46] [Worker-Main-4/INFO]: Preparing spawn area: 27%
[21:37:47] [Worker-Main-5/INFO]: Preparing spawn area: 27%
[21:37:47] [Worker-Main-5/INFO]: Preparing spawn area: 27%
[21:37:48] [Worker-Main-6/INFO]: Preparing spawn area: 28%
[21:37:48] [Worker-Main-6/INFO]: Preparing spawn area: 28%
[21:37:49] [Worker-Main-6/INFO]: Preparing spawn area: 29%
[21:37:49] [Worker-Main-5/INFO]: Preparing spawn area: 29%
[21:37:50] [Worker-Main-4/INFO]: Preparing spawn area: 29%
[21:37:50] [Worker-Main-5/INFO]: Preparing spawn area: 30%
[21:37:51] [Worker-Main-6/INFO]: Preparing spawn area: 30%
[21:37:51] [Worker-Main-4/INFO]: Preparing spawn area: 30%
[21:37:52] [Worker-Main-4/INFO]: Preparing spawn area: 31%
[21:37:52] [Worker-Main-5/INFO]: Preparing spawn area: 31%
[21:37:53] [Worker-Main-6/INFO]: Preparing spawn area: 31%
[21:37:53] [Worker-Main-5/INFO]: Preparing spawn area: 31%
[21:37:54] [Worker-Main-4/INFO]: Preparing spawn area: 31%
[21:37:54] [Worker-Main-5/INFO]: Preparing spawn area: 31%
[21:37:55] [Worker-Main-6/INFO]: Preparing spawn area: 31%
[21:37:55] [Worker-Main-4/INFO]: Preparing spawn area: 32%
[21:37:56] [Worker-Main-5/INFO]: Preparing spawn area: 32%
[21:37:56] [Worker-Main-5/INFO]: Preparing spawn area: 32%
[21:37:57] [Worker-Main-5/INFO]: Preparing spawn area: 32%
[21:37:57] [Worker-Main-6/INFO]: Preparing spawn area: 32%
[21:37:58] [Worker-Main-6/INFO]: Preparing spawn area: 32%
[21:37:58] [Worker-Main-6/INFO]: Preparing spawn area: 32%
[21:37:59] [Worker-Main-4/INFO]: Preparing spawn area: 33%
[21:37:59] [Worker-Main-4/INFO]: Preparing spawn area: 33%
[21:38:00] [Worker-Main-6/INFO]: Preparing spawn area: 33%
[21:38:01] [Worker-Main-6/INFO]: Preparing spawn area: 33%
[21:38:01] [Worker-Main-6/INFO]: Preparing spawn area: 33%
[21:38:01] [Worker-Main-5/INFO]: Preparing spawn area: 33%
[21:38:02] [Worker-Main-6/INFO]: Preparing spawn area: 33%
[21:38:02] [Worker-Main-5/INFO]: Preparing spawn area: 34%
[21:38:03] [Worker-Main-5/INFO]: Preparing spawn area: 35%
[21:38:03] [Worker-Main-4/INFO]: Preparing spawn area: 35%
[21:38:04] [Worker-Main-6/INFO]: Preparing spawn area: 36%
[21:38:04] [Worker-Main-5/INFO]: Preparing spawn area: 36%
[21:38:05] [Worker-Main-6/INFO]: Preparing spawn area: 37%
[21:38:05] [Worker-Main-4/INFO]: Preparing spawn area: 39%
[21:38:06] [Worker-Main-6/INFO]: Preparing spawn area: 42%
[21:38:06] [Worker-Main-6/INFO]: Preparing spawn area: 43%
[21:38:07] [Worker-Main-6/INFO]: Preparing spawn area: 44%
[21:38:07] [Worker-Main-6/INFO]: Preparing spawn area: 46%
[21:38:08] [Worker-Main-4/INFO]: Preparing spawn area: 47%
[21:38:08] [Worker-Main-4/INFO]: Preparing spawn area: 49%
[21:38:09] [Worker-Main-4/INFO]: Preparing spawn area: 51%
[21:38:09] [Worker-Main-4/INFO]: Preparing spawn area: 52%
[21:38:10] [Worker-Main-6/INFO]: Preparing spawn area: 54%
[21:38:10] [Worker-Main-5/INFO]: Preparing spawn area: 56%
[21:38:11] [Worker-Main-6/INFO]: Preparing spawn area: 57%
[21:38:11] [Worker-Main-5/INFO]: Preparing spawn area: 59%
[21:38:12] [Worker-Main-4/INFO]: Preparing spawn area: 62%
[21:38:12] [Worker-Main-6/INFO]: Preparing spawn area: 64%
[21:38:13] [Worker-Main-4/INFO]: Preparing spawn area: 67%
[21:38:13] [Worker-Main-5/INFO]: Preparing spawn area: 69%
[21:38:14] [Worker-Main-6/INFO]: Preparing spawn area: 70%
[21:38:14] [Worker-Main-5/INFO]: Preparing spawn area: 72%
[21:38:15] [Worker-Main-6/INFO]: Preparing spawn area: 75%
[21:38:15] [Worker-Main-6/INFO]: Preparing spawn area: 77%
[21:38:16] [Worker-Main-5/INFO]: Preparing spawn area: 79%
[21:38:16] [Worker-Main-4/INFO]: Preparing spawn area: 82%
[21:38:17] [Worker-Main-4/INFO]: Preparing spawn area: 84%
[21:38:17] [Worker-Main-4/INFO]: Preparing spawn area: 85%
[21:38:18] [Worker-Main-5/INFO]: Preparing spawn area: 87%
[21:38:18] [Worker-Main-6/INFO]: Preparing spawn area: 90%
[21:38:19] [Worker-Main-4/INFO]: Preparing spawn area: 93%
[21:38:19] [Worker-Main-4/INFO]: Preparing spawn area: 96%
[21:38:20] [Worker-Main-5/INFO]: Preparing spawn area: 99%
[21:38:20] [Server thread/INFO]: Time elapsed: 53218 ms
[21:38:20] [Server thread/INFO]: Done (58.800s)! For help, type "help"
[21:38:38] [User Authenticator #1/INFO]: UUID of player EnZo_II is 33823b29-1801-480a-8b90-b175f199ab6d
[21:38:38] [Server thread/INFO]: EnZo_II[/192.168.1.21:57549] logged in with entity id 118 at (-685.5, 65.0, -174.5)
[21:38:38] [Server thread/INFO]: EnZo_II joined the game
[21:38:42] [Server thread/WARN]: Can't keep up! Is the server overloaded? Running 2134ms or 42 ticks behind
[21:39:41] [Server thread/INFO]: EnZo_II lost connection: Disconnected
[21:39:41] [Server thread/INFO]: EnZo_II left the game
[21:39:46] [Server thread/INFO]: Unknown or incomplete command, see below for error
[21:39:46] [Server thread/INFO]: exit<--[HERE]
[21:39:50] [Server thread/INFO]: Unknown or incomplete command, see below for error
[21:39:50] [Server thread/INFO]: close<--[HERE]
[21:39:51] [Server thread/INFO]: Unknown or incomplete command, see below for error
[21:39:51] [Server thread/INFO]: quit<--[HERE]
[21:39:56] [Server thread/INFO]: Stopping the server
[21:39:56] [Server thread/INFO]: Stopping server
[21:39:56] [Server thread/INFO]: Saving players
[21:39:56] [Server thread/INFO]: Saving worlds
[21:39:56] [Server thread/INFO]: Saving chunks for level 'ServerLevel[world]'/minecraft:overworld
[21:39:56] [Server thread/INFO]: Saving chunks for level 'ServerLevel[world]'/minecraft:the_nether
[21:39:56] [Server thread/INFO]: Saving chunks for level 'ServerLevel[world]'/minecraft:the_end
[21:39:56] [Server thread/INFO]: ThreadedAnvilChunkStorage (world): All chunks are saved
[21:39:56] [Server thread/INFO]: ThreadedAnvilChunkStorage (DIM-1): All chunks are saved
[21:39:56] [Server thread/INFO]: ThreadedAnvilChunkStorage (DIM1): All chunks are saved
[21:39:56] [Server thread/INFO]: ThreadedAnvilChunkStorage: All dimensions are saved
